{"name": "To check the functionality of Complete Page", "status": "failed", "statusDetails": {"message": "AssertionError\n", "trace": "  File \"C:\\Python39\\lib\\site-packages\\behave\\model.py\", line 1329, in run\n    match.run(runner.context)\n  File \"C:\\Python39\\lib\\site-packages\\behave\\matchers.py\", line 98, in run\n    self.func(context, *args, **kwargs)\n  File \"Feature\\steps\\StepDefination.py\", line 283, in step_impl\n    assert context.driver2.current_url==\"https://wowdare.xyz/en?utm_site_source=completed&utm_site_medium=createButtonEnglish&utm_site_campaign=userFriend\"#\"invalid Home Page url\"\n"}, "steps": [{"name": "When User Friend Click On Create Your Quiz Button", "status": "passed", "start": 1634627678490, "stop": 1634627680456}, {"name": "Then User Friend Become User And Navigate To Home Page", "status": "failed", "statusDetails": {"message": "AssertionError\n", "trace": "  File \"C:\\Python39\\lib\\site-packages\\behave\\model.py\", line 1329, in run\n    match.run(runner.context)\n  File \"C:\\Python39\\lib\\site-packages\\behave\\matchers.py\", line 98, in run\n    self.func(context, *args, **kwargs)\n  File \"Feature\\steps\\StepDefination.py\", line 283, in step_impl\n    assert context.driver2.current_url==\"https://wowdare.xyz/en?utm_site_source=completed&utm_site_medium=createButtonEnglish&utm_site_campaign=userFriend\"#\"invalid Home Page url\"\n"}, "start": 1634627680456, "stop": 1634627680466}], "start": 1634627678488, "stop": 1634627680467, "uuid": "3e2320c6-c235-41d5-84b8-b89af88a01c3", "historyId": "d597327387c5dfc69ddbe90bf85a099a", "fullName": "Wowdare User Side End to End Functionality: To check the functionality of Complete Page", "labels": [{"name": "severity", "value": "normal"}, {"name": "tag", "value": "Complete_page"}, {"name": "feature", "value": "Wowdare User Side End to End Functionality"}, {"name": "framework", "value": "behave"}, {"name": "language", "value": "cpython3"}]}